2018-09-30 10:56:15 [scrapy.utils.log] INFO: Scrapy 1.5.0 started (bot: uxuepai)
2018-09-30 10:56:15 [scrapy.utils.log] INFO: Versions: lxml 4.2.1.0, libxml2 2.9.8, cssselect 1.0.3, parsel 1.4.0, w3lib 1.19.0, Twisted 17.5.0, Python 3.6.5 |Anaconda, Inc.| (default, Apr 26 2018, 08:42:37) - [GCC 4.2.1 Compatible Clang 4.0.1 (tags/RELEASE_401/final)], pyOpenSSL 18.0.0 (OpenSSL 1.0.2o  27 Mar 2018), cryptography 2.2.2, Platform Darwin-18.0.0-x86_64-i386-64bit
2018-09-30 10:56:15 [scrapy.crawler] INFO: Overridden settings: {'BOT_NAME': 'uxuepai', 'COOKIES_ENABLED': False, 'LOG_FILE': 'shantou.log', 'NEWSPIDER_MODULE': 'uxuepai.spiders', 'SPIDER_MODULES': ['uxuepai.spiders']}
2018-09-30 10:56:15 [scrapy.middleware] INFO: Enabled extensions:
['scrapy.extensions.corestats.CoreStats',
 'scrapy.extensions.telnet.TelnetConsole',
 'scrapy.extensions.memusage.MemoryUsage',
 'scrapy.extensions.logstats.LogStats']
2018-09-30 10:56:15 [scrapy.middleware] INFO: Enabled downloader middlewares:
['scrapy.downloadermiddlewares.httpauth.HttpAuthMiddleware',
 'scrapy.downloadermiddlewares.downloadtimeout.DownloadTimeoutMiddleware',
 'scrapy.downloadermiddlewares.defaultheaders.DefaultHeadersMiddleware',
 'scrapy.downloadermiddlewares.useragent.UserAgentMiddleware',
 'scrapy.downloadermiddlewares.retry.RetryMiddleware',
 'scrapy.downloadermiddlewares.redirect.MetaRefreshMiddleware',
 'scrapy.downloadermiddlewares.httpcompression.HttpCompressionMiddleware',
 'scrapy.downloadermiddlewares.redirect.RedirectMiddleware',
 'scrapy.downloadermiddlewares.httpproxy.HttpProxyMiddleware',
 'scrapy.downloadermiddlewares.stats.DownloaderStats']
2018-09-30 10:56:15 [scrapy.middleware] INFO: Enabled spider middlewares:
['scrapy.spidermiddlewares.httperror.HttpErrorMiddleware',
 'scrapy.spidermiddlewares.offsite.OffsiteMiddleware',
 'scrapy.spidermiddlewares.referer.RefererMiddleware',
 'scrapy.spidermiddlewares.urllength.UrlLengthMiddleware',
 'scrapy.spidermiddlewares.depth.DepthMiddleware']
2018-09-30 10:56:15 [scrapy.middleware] INFO: Enabled item pipelines:
[]
2018-09-30 10:56:15 [scrapy.core.engine] INFO: Spider opened
2018-09-30 10:56:15 [scrapy.extensions.logstats] INFO: Crawled 0 pages (at 0 pages/min), scraped 0 items (at 0 items/min)
2018-09-30 10:56:15 [scrapy.extensions.telnet] DEBUG: Telnet console listening on 127.0.0.1:6023
2018-09-30 10:56:15 [scrapy.core.engine] DEBUG: Crawled (200) <GET http://www.shantou.gov.cn/cnst/dbdh/wzdt.shtml> (referer: None)
2018-09-30 10:56:16 [scrapy.core.engine] DEBUG: Crawled (200) <GET http://www.shantou.gov.cn/cnst/bmdt/list.shtml> (referer: http://www.shantou.gov.cn/cnst/dbdh/wzdt.shtml)
2018-09-30 10:56:16 [scrapy.core.engine] DEBUG: Crawled (200) <GET http://www.shantou.gov.cn/cnst/styw/list.shtml> (referer: http://www.shantou.gov.cn/cnst/dbdh/wzdt.shtml)
2018-09-30 10:56:16 [scrapy.core.engine] INFO: Closing spider (finished)
2018-09-30 10:56:16 [scrapy.statscollectors] INFO: Dumping Scrapy stats:
{'downloader/request_bytes': 1227,
 'downloader/request_count': 3,
 'downloader/request_method_count/GET': 3,
 'downloader/response_bytes': 19296,
 'downloader/response_count': 3,
 'downloader/response_status_count/200': 3,
 'finish_reason': 'finished',
 'finish_time': datetime.datetime(2018, 9, 30, 2, 56, 16, 415632),
 'log_count/DEBUG': 4,
 'log_count/INFO': 7,
 'memusage/max': 51396608,
 'memusage/startup': 51396608,
 'request_depth_max': 1,
 'response_received_count': 3,
 'scheduler/dequeued': 3,
 'scheduler/dequeued/memory': 3,
 'scheduler/enqueued': 3,
 'scheduler/enqueued/memory': 3,
 'start_time': datetime.datetime(2018, 9, 30, 2, 56, 15, 778852)}
2018-09-30 10:56:16 [scrapy.core.engine] INFO: Spider closed (finished)
2018-09-30 10:56:25 [scrapy.utils.log] INFO: Scrapy 1.5.0 started (bot: uxuepai)
2018-09-30 10:56:25 [scrapy.utils.log] INFO: Versions: lxml 4.2.1.0, libxml2 2.9.8, cssselect 1.0.3, parsel 1.4.0, w3lib 1.19.0, Twisted 17.5.0, Python 3.6.5 |Anaconda, Inc.| (default, Apr 26 2018, 08:42:37) - [GCC 4.2.1 Compatible Clang 4.0.1 (tags/RELEASE_401/final)], pyOpenSSL 18.0.0 (OpenSSL 1.0.2o  27 Mar 2018), cryptography 2.2.2, Platform Darwin-18.0.0-x86_64-i386-64bit
2018-09-30 10:56:25 [scrapy.crawler] INFO: Overridden settings: {'BOT_NAME': 'uxuepai', 'COOKIES_ENABLED': False, 'LOG_FILE': 'shantou.log', 'NEWSPIDER_MODULE': 'uxuepai.spiders', 'SPIDER_MODULES': ['uxuepai.spiders']}
2018-09-30 10:56:25 [scrapy.middleware] INFO: Enabled extensions:
['scrapy.extensions.corestats.CoreStats',
 'scrapy.extensions.telnet.TelnetConsole',
 'scrapy.extensions.memusage.MemoryUsage',
 'scrapy.extensions.logstats.LogStats']
2018-09-30 10:56:25 [scrapy.middleware] INFO: Enabled downloader middlewares:
['scrapy.downloadermiddlewares.httpauth.HttpAuthMiddleware',
 'scrapy.downloadermiddlewares.downloadtimeout.DownloadTimeoutMiddleware',
 'scrapy.downloadermiddlewares.defaultheaders.DefaultHeadersMiddleware',
 'scrapy.downloadermiddlewares.useragent.UserAgentMiddleware',
 'scrapy.downloadermiddlewares.retry.RetryMiddleware',
 'scrapy.downloadermiddlewares.redirect.MetaRefreshMiddleware',
 'scrapy.downloadermiddlewares.httpcompression.HttpCompressionMiddleware',
 'scrapy.downloadermiddlewares.redirect.RedirectMiddleware',
 'scrapy.downloadermiddlewares.httpproxy.HttpProxyMiddleware',
 'scrapy.downloadermiddlewares.stats.DownloaderStats']
2018-09-30 10:56:25 [scrapy.middleware] INFO: Enabled spider middlewares:
['scrapy.spidermiddlewares.httperror.HttpErrorMiddleware',
 'scrapy.spidermiddlewares.offsite.OffsiteMiddleware',
 'scrapy.spidermiddlewares.referer.RefererMiddleware',
 'scrapy.spidermiddlewares.urllength.UrlLengthMiddleware',
 'scrapy.spidermiddlewares.depth.DepthMiddleware']
2018-09-30 10:56:25 [scrapy.middleware] INFO: Enabled item pipelines:
[]
2018-09-30 10:56:25 [scrapy.core.engine] INFO: Spider opened
2018-09-30 10:56:25 [scrapy.extensions.logstats] INFO: Crawled 0 pages (at 0 pages/min), scraped 0 items (at 0 items/min)
2018-09-30 10:56:25 [scrapy.extensions.telnet] DEBUG: Telnet console listening on 127.0.0.1:6023
2018-09-30 10:56:26 [scrapy.core.engine] DEBUG: Crawled (200) <GET http://www.shantou.gov.cn/cnst/dbdh/wzdt.shtml> (referer: None)
2018-09-30 10:56:26 [scrapy.core.engine] DEBUG: Crawled (200) <GET http://www.shantou.gov.cn/cnst/bmdt/list.shtml> (referer: http://www.shantou.gov.cn/cnst/dbdh/wzdt.shtml)
2018-09-30 10:56:26 [scrapy.core.engine] DEBUG: Crawled (200) <GET http://www.shantou.gov.cn/cnst/styw/list.shtml> (referer: http://www.shantou.gov.cn/cnst/dbdh/wzdt.shtml)
2018-09-30 10:56:26 [scrapy.core.engine] INFO: Closing spider (finished)
2018-09-30 10:56:26 [scrapy.statscollectors] INFO: Dumping Scrapy stats:
{'downloader/request_bytes': 1227,
 'downloader/request_count': 3,
 'downloader/request_method_count/GET': 3,
 'downloader/response_bytes': 19296,
 'downloader/response_count': 3,
 'downloader/response_status_count/200': 3,
 'finish_reason': 'finished',
 'finish_time': datetime.datetime(2018, 9, 30, 2, 56, 26, 494488),
 'log_count/DEBUG': 4,
 'log_count/INFO': 7,
 'memusage/max': 51515392,
 'memusage/startup': 51515392,
 'request_depth_max': 1,
 'response_received_count': 3,
 'scheduler/dequeued': 3,
 'scheduler/dequeued/memory': 3,
 'scheduler/enqueued': 3,
 'scheduler/enqueued/memory': 3,
 'start_time': datetime.datetime(2018, 9, 30, 2, 56, 25, 809009)}
2018-09-30 10:56:26 [scrapy.core.engine] INFO: Spider closed (finished)
2018-09-30 10:57:00 [scrapy.utils.log] INFO: Scrapy 1.5.0 started (bot: uxuepai)
2018-09-30 10:57:00 [scrapy.utils.log] INFO: Versions: lxml 4.2.1.0, libxml2 2.9.8, cssselect 1.0.3, parsel 1.4.0, w3lib 1.19.0, Twisted 17.5.0, Python 3.6.5 |Anaconda, Inc.| (default, Apr 26 2018, 08:42:37) - [GCC 4.2.1 Compatible Clang 4.0.1 (tags/RELEASE_401/final)], pyOpenSSL 18.0.0 (OpenSSL 1.0.2o  27 Mar 2018), cryptography 2.2.2, Platform Darwin-18.0.0-x86_64-i386-64bit
2018-09-30 10:57:00 [scrapy.crawler] INFO: Overridden settings: {'BOT_NAME': 'uxuepai', 'COOKIES_ENABLED': False, 'LOG_FILE': 'shantou.log', 'NEWSPIDER_MODULE': 'uxuepai.spiders', 'SPIDER_MODULES': ['uxuepai.spiders']}
2018-09-30 10:57:00 [scrapy.middleware] INFO: Enabled extensions:
['scrapy.extensions.corestats.CoreStats',
 'scrapy.extensions.telnet.TelnetConsole',
 'scrapy.extensions.memusage.MemoryUsage',
 'scrapy.extensions.logstats.LogStats']
2018-09-30 10:57:00 [scrapy.middleware] INFO: Enabled downloader middlewares:
['scrapy.downloadermiddlewares.httpauth.HttpAuthMiddleware',
 'scrapy.downloadermiddlewares.downloadtimeout.DownloadTimeoutMiddleware',
 'scrapy.downloadermiddlewares.defaultheaders.DefaultHeadersMiddleware',
 'scrapy.downloadermiddlewares.useragent.UserAgentMiddleware',
 'scrapy.downloadermiddlewares.retry.RetryMiddleware',
 'scrapy.downloadermiddlewares.redirect.MetaRefreshMiddleware',
 'scrapy.downloadermiddlewares.httpcompression.HttpCompressionMiddleware',
 'scrapy.downloadermiddlewares.redirect.RedirectMiddleware',
 'scrapy.downloadermiddlewares.httpproxy.HttpProxyMiddleware',
 'scrapy.downloadermiddlewares.stats.DownloaderStats']
2018-09-30 10:57:00 [scrapy.middleware] INFO: Enabled spider middlewares:
['scrapy.spidermiddlewares.httperror.HttpErrorMiddleware',
 'scrapy.spidermiddlewares.offsite.OffsiteMiddleware',
 'scrapy.spidermiddlewares.referer.RefererMiddleware',
 'scrapy.spidermiddlewares.urllength.UrlLengthMiddleware',
 'scrapy.spidermiddlewares.depth.DepthMiddleware']
2018-09-30 10:57:00 [scrapy.middleware] INFO: Enabled item pipelines:
[]
2018-09-30 10:57:00 [scrapy.core.engine] INFO: Spider opened
2018-09-30 10:57:00 [scrapy.extensions.logstats] INFO: Crawled 0 pages (at 0 pages/min), scraped 0 items (at 0 items/min)
2018-09-30 10:57:00 [scrapy.extensions.telnet] DEBUG: Telnet console listening on 127.0.0.1:6023
2018-09-30 10:57:01 [scrapy.core.engine] DEBUG: Crawled (200) <GET http://www.shantou.gov.cn/cnst/dbdh/wzdt.shtml> (referer: None)
2018-09-30 10:57:01 [scrapy.core.engine] DEBUG: Crawled (200) <GET http://www.shantou.gov.cn/cnst/bmdt/list.shtml> (referer: http://www.shantou.gov.cn/cnst/dbdh/wzdt.shtml)
2018-09-30 10:57:01 [scrapy.core.engine] DEBUG: Crawled (200) <GET http://www.shantou.gov.cn/cnst/styw/list.shtml> (referer: http://www.shantou.gov.cn/cnst/dbdh/wzdt.shtml)
2018-09-30 10:57:01 [scrapy.core.engine] INFO: Closing spider (finished)
2018-09-30 10:57:01 [scrapy.statscollectors] INFO: Dumping Scrapy stats:
{'downloader/request_bytes': 1227,
 'downloader/request_count': 3,
 'downloader/request_method_count/GET': 3,
 'downloader/response_bytes': 19296,
 'downloader/response_count': 3,
 'downloader/response_status_count/200': 3,
 'finish_reason': 'finished',
 'finish_time': datetime.datetime(2018, 9, 30, 2, 57, 1, 642761),
 'log_count/DEBUG': 4,
 'log_count/INFO': 7,
 'memusage/max': 51466240,
 'memusage/startup': 51466240,
 'request_depth_max': 1,
 'response_received_count': 3,
 'scheduler/dequeued': 3,
 'scheduler/dequeued/memory': 3,
 'scheduler/enqueued': 3,
 'scheduler/enqueued/memory': 3,
 'start_time': datetime.datetime(2018, 9, 30, 2, 57, 0, 912562)}
2018-09-30 10:57:01 [scrapy.core.engine] INFO: Spider closed (finished)
2018-09-30 10:57:20 [scrapy.utils.log] INFO: Scrapy 1.5.0 started (bot: uxuepai)
2018-09-30 10:57:20 [scrapy.utils.log] INFO: Versions: lxml 4.2.1.0, libxml2 2.9.8, cssselect 1.0.3, parsel 1.4.0, w3lib 1.19.0, Twisted 17.5.0, Python 3.6.5 |Anaconda, Inc.| (default, Apr 26 2018, 08:42:37) - [GCC 4.2.1 Compatible Clang 4.0.1 (tags/RELEASE_401/final)], pyOpenSSL 18.0.0 (OpenSSL 1.0.2o  27 Mar 2018), cryptography 2.2.2, Platform Darwin-18.0.0-x86_64-i386-64bit
2018-09-30 10:57:20 [scrapy.crawler] INFO: Overridden settings: {'BOT_NAME': 'uxuepai', 'COOKIES_ENABLED': False, 'LOG_FILE': 'shantou.log', 'NEWSPIDER_MODULE': 'uxuepai.spiders', 'SPIDER_MODULES': ['uxuepai.spiders']}
2018-09-30 10:57:20 [scrapy.middleware] INFO: Enabled extensions:
['scrapy.extensions.corestats.CoreStats',
 'scrapy.extensions.telnet.TelnetConsole',
 'scrapy.extensions.memusage.MemoryUsage',
 'scrapy.extensions.logstats.LogStats']
2018-09-30 10:57:20 [scrapy.middleware] INFO: Enabled downloader middlewares:
['scrapy.downloadermiddlewares.httpauth.HttpAuthMiddleware',
 'scrapy.downloadermiddlewares.downloadtimeout.DownloadTimeoutMiddleware',
 'scrapy.downloadermiddlewares.defaultheaders.DefaultHeadersMiddleware',
 'scrapy.downloadermiddlewares.useragent.UserAgentMiddleware',
 'scrapy.downloadermiddlewares.retry.RetryMiddleware',
 'scrapy.downloadermiddlewares.redirect.MetaRefreshMiddleware',
 'scrapy.downloadermiddlewares.httpcompression.HttpCompressionMiddleware',
 'scrapy.downloadermiddlewares.redirect.RedirectMiddleware',
 'scrapy.downloadermiddlewares.httpproxy.HttpProxyMiddleware',
 'scrapy.downloadermiddlewares.stats.DownloaderStats']
2018-09-30 10:57:20 [scrapy.middleware] INFO: Enabled spider middlewares:
['scrapy.spidermiddlewares.httperror.HttpErrorMiddleware',
 'scrapy.spidermiddlewares.offsite.OffsiteMiddleware',
 'scrapy.spidermiddlewares.referer.RefererMiddleware',
 'scrapy.spidermiddlewares.urllength.UrlLengthMiddleware',
 'scrapy.spidermiddlewares.depth.DepthMiddleware']
2018-09-30 10:57:20 [scrapy.middleware] INFO: Enabled item pipelines:
[]
2018-09-30 10:57:20 [scrapy.core.engine] INFO: Spider opened
2018-09-30 10:57:20 [scrapy.extensions.logstats] INFO: Crawled 0 pages (at 0 pages/min), scraped 0 items (at 0 items/min)
2018-09-30 10:57:20 [scrapy.extensions.telnet] DEBUG: Telnet console listening on 127.0.0.1:6023
2018-09-30 10:57:21 [scrapy.core.engine] DEBUG: Crawled (200) <GET http://www.shantou.gov.cn/cnst/dbdh/wzdt.shtml> (referer: None)
2018-09-30 10:57:21 [scrapy.core.engine] DEBUG: Crawled (200) <GET http://www.shantou.gov.cn/cnst/bmdt/list.shtml> (referer: http://www.shantou.gov.cn/cnst/dbdh/wzdt.shtml)
2018-09-30 10:57:21 [scrapy.core.engine] DEBUG: Crawled (200) <GET http://www.shantou.gov.cn/cnst/styw/list.shtml> (referer: http://www.shantou.gov.cn/cnst/dbdh/wzdt.shtml)
2018-09-30 10:57:21 [scrapy.core.engine] INFO: Closing spider (finished)
2018-09-30 10:57:21 [scrapy.statscollectors] INFO: Dumping Scrapy stats:
{'downloader/request_bytes': 1227,
 'downloader/request_count': 3,
 'downloader/request_method_count/GET': 3,
 'downloader/response_bytes': 19296,
 'downloader/response_count': 3,
 'downloader/response_status_count/200': 3,
 'finish_reason': 'finished',
 'finish_time': datetime.datetime(2018, 9, 30, 2, 57, 21, 498152),
 'log_count/DEBUG': 4,
 'log_count/INFO': 7,
 'memusage/max': 51773440,
 'memusage/startup': 51773440,
 'request_depth_max': 1,
 'response_received_count': 3,
 'scheduler/dequeued': 3,
 'scheduler/dequeued/memory': 3,
 'scheduler/enqueued': 3,
 'scheduler/enqueued/memory': 3,
 'start_time': datetime.datetime(2018, 9, 30, 2, 57, 20, 772334)}
2018-09-30 10:57:21 [scrapy.core.engine] INFO: Spider closed (finished)
